<?xml version="1.0" encoding="UTF-8"?>
<testsuite name="AirportTest" tests="1" skipped="0" failures="0" errors="0" timestamp="2020-12-03T19:02:48" hostname="DESKTOP-ARTHUR" time="49.19">
  <properties/>
  <testcase name="init()" classname="AirportTest" time="49.19"/>
  <system-out><![CDATA[]]></system-out>
  <system-err><![CDATA[]]></system-err>
</testsuite>
