<?xml version="1.0" encoding="UTF-8"?>
<testsuite name="AirportTest" tests="1" skipped="0" failures="0" errors="0" timestamp="2020-12-03T22:09:33" hostname="DESKTOP-ARTHUR" time="0.044">
  <properties/>
  <testcase name="setBaggageScannerAndEmployees()" classname="AirportTest" time="0.044"/>
  <system-out><![CDATA[]]></system-out>
  <system-err><![CDATA[]]></system-err>
</testsuite>
