<?xml version="1.0" encoding="UTF-8"?>
<testsuite name="AirportTest" tests="1148" skipped="0" failures="0" errors="0" timestamp="2020-12-06T13:04:22" hostname="DESKTOP-ARTHUR" time="0.962">
  <properties/>
  <testcase name="onlyFans()" classname="AirportTest" time="0.07"/>
  <testcase name="findExlosive()" classname="AirportTest" time="0.021"/>
  <testcase name="unlockBaggageScanner()" classname="AirportTest" time="0.006"/>
  <testcase name="noIllegalItems()" classname="AirportTest" time="0.016"/>
  <testcase name="gunFound()" classname="AirportTest" time="0.005"/>
  <testcase name="profileKO()" classname="AirportTest" time="0.003"/>
  <testcase name="findGun()" classname="AirportTest" time="0.004"/>
  <testcase name="findKnife()" classname="AirportTest" time="0.002"/>
  <testcase name="threeTimeWrongPin()" classname="AirportTest" time="0.002"/>
  <testcase name="knifeFound()" classname="AirportTest" time="0.003"/>
  <testcase name="explosiveFound()" classname="AirportTest" time="0.01"/>
  <testcase name="setBaggageScannerAndEmployees()" classname="AirportTest" time="0.002"/>
  <testcase name="correctInit()[1]" classname="AirportTest" time="0.001"/>
  <testcase name="correctInit()[2]" classname="AirportTest" time="0.0"/>
  <testcase name="correctInit()[3]" classname="AirportTest" time="0.001"/>
  <testcase name="correctInit()[4]" classname="AirportTest" time="0.001"/>
  <testcase name="correctInit()[5]" classname="AirportTest" time="0.0"/>
  <testcase name="correctInit()[6]" classname="AirportTest" time="0.001"/>
  <testcase name="correctInit()[7]" classname="AirportTest" time="0.0"/>
  <testcase name="correctInit()[8]" classname="AirportTest" time="0.001"/>
  <testcase name="correctInit()[9]" classname="AirportTest" time="0.0"/>
  <testcase name="correctInit()[10]" classname="AirportTest" time="0.001"/>
  <testcase name="correctInit()[11]" classname="AirportTest" time="0.0"/>
  <testcase name="correctInit()[12]" classname="AirportTest" time="0.0"/>
  <testcase name="correctInit()[13]" classname="AirportTest" time="0.001"/>
  <testcase name="correctInit()[14]" classname="AirportTest" time="0.0"/>
  <testcase name="correctInit()[15]" classname="AirportTest" time="0.001"/>
  <testcase name="correctInit()[16]" classname="AirportTest" time="0.0"/>
  <testcase name="correctInit()[17]" classname="AirportTest" time="0.0"/>
  <testcase name="correctInit()[18]" classname="AirportTest" time="0.001"/>
  <testcase name="correctInit()[19]" classname="AirportTest" time="0.0"/>
  <testcase name="correctInit()[20]" classname="AirportTest" time="0.001"/>
  <testcase name="correctInit()[21]" classname="AirportTest" time="0.0"/>
  <testcase name="correctInit()[22]" classname="AirportTest" time="0.001"/>
  <testcase name="correctInit()[23]" classname="AirportTest" time="0.0"/>
  <testcase name="correctInit()[24]" classname="AirportTest" time="0.0"/>
  <testcase name="correctInit()[25]" classname="AirportTest" time="0.0"/>
  <testcase name="correctInit()[26]" classname="AirportTest" time="0.0"/>
  <testcase name="correctInit()[27]" classname="AirportTest" time="0.0"/>
  <testcase name="correctInit()[28]" classname="AirportTest" time="0.0"/>
  <testcase name="correctInit()[29]" classname="AirportTest" time="0.0"/>
  <testcase name="correctInit()[30]" classname="AirportTest" time="0.0"/>
  <testcase name="correctInit()[31]" classname="AirportTest" time="0.0"/>
  <testcase name="correctInit()[32]" classname="AirportTest" time="0.0"/>
  <testcase name="correctInit()[33]" classname="AirportTest" time="0.0"/>
  <testcase name="correctInit()[34]" classname="AirportTest" time="0.0"/>
  <testcase name="correctInit()[35]" classname="AirportTest" time="0.001"/>
  <testcase name="correctInit()[36]" classname="AirportTest" time="0.0"/>
  <testcase name="correctInit()[37]" classname="AirportTest" time="0.001"/>
  <testcase name="correctInit()[38]" classname="AirportTest" time="0.0"/>
  <testcase name="correctInit()[39]" classname="AirportTest" time="0.0"/>
  <testcase name="correctInit()[40]" classname="AirportTest" time="0.0"/>
  <testcase name="correctInit()[41]" classname="AirportTest" time="0.0"/>
  <testcase name="correctInit()[42]" classname="AirportTest" time="0.0"/>
  <testcase name="correctInit()[43]" classname="AirportTest" time="0.0"/>
  <testcase name="correctInit()[44]" classname="AirportTest" time="0.0"/>
  <testcase name="correctInit()[45]" classname="AirportTest" time="0.0"/>
  <testcase name="correctInit()[46]" classname="AirportTest" time="0.001"/>
  <testcase name="correctInit()[47]" classname="AirportTest" time="0.0"/>
  <testcase name="correctInit()[48]" classname="AirportTest" time="0.001"/>
  <testcase name="correctInit()[49]" classname="AirportTest" time="0.0"/>
  <testcase name="correctInit()[50]" classname="AirportTest" time="0.001"/>
  <testcase name="correctInit()[51]" classname="AirportTest" time="0.001"/>
  <testcase name="correctInit()[52]" classname="AirportTest" time="0.0"/>
  <testcase name="correctInit()[53]" classname="AirportTest" time="0.001"/>
  <testcase name="correctInit()[54]" classname="AirportTest" time="0.0"/>
  <testcase name="correctInit()[55]" classname="AirportTest" time="0.0"/>
  <testcase name="correctInit()[56]" classname="AirportTest" time="0.0"/>
  <testcase name="correctInit()[57]" classname="AirportTest" time="0.0"/>
  <testcase name="correctInit()[58]" classname="AirportTest" time="0.0"/>
  <testcase name="correctInit()[59]" classname="AirportTest" time="0.001"/>
  <testcase name="correctInit()[60]" classname="AirportTest" time="0.0"/>
  <testcase name="correctInit()[61]" classname="AirportTest" time="0.001"/>
  <testcase name="correctInit()[62]" classname="AirportTest" time="0.0"/>
  <testcase name="correctInit()[63]" classname="AirportTest" time="0.001"/>
  <testcase name="correctInit()[64]" classname="AirportTest" time="0.0"/>
  <testcase name="correctInit()[65]" classname="AirportTest" time="0.001"/>
  <testcase name="correctInit()[66]" classname="AirportTest" time="0.0"/>
  <testcase name="correctInit()[67]" classname="AirportTest" time="0.0"/>
  <testcase name="correctInit()[68]" classname="AirportTest" time="0.0"/>
  <testcase name="correctInit()[69]" classname="AirportTest" time="0.0"/>
  <testcase name="correctInit()[70]" classname="AirportTest" time="0.0"/>
  <testcase name="correctInit()[71]" classname="AirportTest" time="0.0"/>
  <testcase name="correctInit()[72]" classname="AirportTest" time="0.0"/>
  <testcase name="correctInit()[73]" classname="AirportTest" time="0.0"/>
  <testcase name="correctInit()[74]" classname="AirportTest" time="0.0"/>
  <testcase name="correctInit()[75]" classname="AirportTest" time="0.0"/>
  <testcase name="correctInit()[76]" classname="AirportTest" time="0.0"/>
  <testcase name="correctInit()[77]" classname="AirportTest" time="0.0"/>
  <testcase name="correctInit()[78]" classname="AirportTest" time="0.0"/>
  <testcase name="correctInit()[79]" classname="AirportTest" time="0.001"/>
  <testcase name="correctInit()[80]" classname="AirportTest" time="0.0"/>
  <testcase name="correctInit()[81]" classname="AirportTest" time="0.001"/>
  <testcase name="correctInit()[82]" classname="AirportTest" time="0.0"/>
  <testcase name="correctInit()[83]" classname="AirportTest" time="0.001"/>
  <testcase name="correctInit()[84]" classname="AirportTest" time="0.0"/>
  <testcase name="correctInit()[85]" classname="AirportTest" time="0.001"/>
  <testcase name="correctInit()[86]" classname="AirportTest" time="0.0"/>
  <testcase name="correctInit()[87]" classname="AirportTest" time="0.001"/>
  <testcase name="correctInit()[88]" classname="AirportTest" time="0.0"/>
  <testcase name="correctInit()[89]" classname="AirportTest" time="0.001"/>
  <testcase name="correctInit()[90]" classname="AirportTest" time="0.0"/>
  <testcase name="correctInit()[91]" classname="AirportTest" time="0.0"/>
  <testcase name="correctInit()[92]" classname="AirportTest" time="0.0"/>
  <testcase name="correctInit()[93]" classname="AirportTest" time="0.001"/>
  <testcase name="correctInit()[94]" classname="AirportTest" time="0.0"/>
  <testcase name="correctInit()[95]" classname="AirportTest" time="0.001"/>
  <testcase name="correctInit()[96]" classname="AirportTest" time="0.0"/>
  <testcase name="correctInit()[97]" classname="AirportTest" time="0.001"/>
  <testcase name="correctInit()[98]" classname="AirportTest" time="0.0"/>
  <testcase name="correctInit()[99]" classname="AirportTest" time="0.0"/>
  <testcase name="correctInit()[100]" classname="AirportTest" time="0.001"/>
  <testcase name="correctInit()[101]" classname="AirportTest" time="0.0"/>
  <testcase name="correctInit()[102]" classname="AirportTest" time="0.001"/>
  <testcase name="correctInit()[103]" classname="AirportTest" time="0.0"/>
  <testcase name="correctInit()[104]" classname="AirportTest" time="0.001"/>
  <testcase name="correctInit()[105]" classname="AirportTest" time="0.001"/>
  <testcase name="correctInit()[106]" classname="AirportTest" time="0.0"/>
  <testcase name="correctInit()[107]" classname="AirportTest" time="0.001"/>
  <testcase name="correctInit()[108]" classname="AirportTest" time="0.0"/>
  <testcase name="correctInit()[109]" classname="AirportTest" time="0.0"/>
  <testcase name="correctInit()[110]" classname="AirportTest" time="0.0"/>
  <testcase name="correctInit()[111]" classname="AirportTest" time="0.0"/>
  <testcase name="correctInit()[112]" classname="AirportTest" time="0.0"/>
  <testcase name="correctInit()[113]" classname="AirportTest" time="0.0"/>
  <testcase name="correctInit()[114]" classname="AirportTest" time="0.001"/>
  <testcase name="correctInit()[115]" classname="AirportTest" time="0.0"/>
  <testcase name="correctInit()[116]" classname="AirportTest" time="0.001"/>
  <testcase name="correctInit()[117]" classname="AirportTest" time="0.0"/>
  <testcase name="correctInit()[118]" classname="AirportTest" time="0.0"/>
  <testcase name="correctInit()[119]" classname="AirportTest" time="0.0"/>
  <testcase name="correctInit()[120]" classname="AirportTest" time="0.001"/>
  <testcase name="correctInit()[121]" classname="AirportTest" time="0.0"/>
  <testcase name="correctInit()[122]" classname="AirportTest" time="0.0"/>
  <testcase name="correctInit()[123]" classname="AirportTest" time="0.0"/>
  <testcase name="correctInit()[124]" classname="AirportTest" time="0.0"/>
  <testcase name="correctInit()[125]" classname="AirportTest" time="0.0"/>
  <testcase name="correctInit()[126]" classname="AirportTest" time="0.001"/>
  <testcase name="correctInit()[127]" classname="AirportTest" time="0.0"/>
  <testcase name="correctInit()[128]" classname="AirportTest" time="0.001"/>
  <testcase name="correctInit()[129]" classname="AirportTest" time="0.0"/>
  <testcase name="correctInit()[130]" classname="AirportTest" time="0.001"/>
  <testcase name="correctInit()[131]" classname="AirportTest" time="0.0"/>
  <testcase name="correctInit()[132]" classname="AirportTest" time="0.001"/>
  <testcase name="correctInit()[133]" classname="AirportTest" time="0.0"/>
  <testcase name="correctInit()[134]" classname="AirportTest" time="0.001"/>
  <testcase name="correctInit()[135]" classname="AirportTest" time="0.0"/>
  <testcase name="correctInit()[136]" classname="AirportTest" time="0.001"/>
  <testcase name="correctInit()[137]" classname="AirportTest" time="0.0"/>
  <testcase name="correctInit()[138]" classname="AirportTest" time="0.0"/>
  <testcase name="correctInit()[139]" classname="AirportTest" time="0.0"/>
  <testcase name="correctInit()[140]" classname="AirportTest" time="0.0"/>
  <testcase name="correctInit()[141]" classname="AirportTest" time="0.001"/>
  <testcase name="correctInit()[142]" classname="AirportTest" time="0.0"/>
  <testcase name="correctInit()[143]" classname="AirportTest" time="0.001"/>
  <testcase name="correctInit()[144]" classname="AirportTest" time="0.0"/>
  <testcase name="correctInit()[145]" classname="AirportTest" time="0.0"/>
  <testcase name="correctInit()[146]" classname="AirportTest" time="0.0"/>
  <testcase name="correctInit()[147]" classname="AirportTest" time="0.0"/>
  <testcase name="correctInit()[148]" classname="AirportTest" time="0.001"/>
  <testcase name="correctInit()[149]" classname="AirportTest" time="0.0"/>
  <testcase name="correctInit()[150]" classname="AirportTest" time="0.0"/>
  <testcase name="correctInit()[151]" classname="AirportTest" time="0.001"/>
  <testcase name="correctInit()[152]" classname="AirportTest" time="0.0"/>
  <testcase name="correctInit()[153]" classname="AirportTest" time="0.001"/>
  <testcase name="correctInit()[154]" classname="AirportTest" time="0.0"/>
  <testcase name="correctInit()[155]" classname="AirportTest" time="0.001"/>
  <testcase name="correctInit()[156]" classname="AirportTest" time="0.0"/>
  <testcase name="correctInit()[157]" classname="AirportTest" time="0.001"/>
  <testcase name="correctInit()[158]" classname="AirportTest" time="0.0"/>
  <testcase name="correctInit()[159]" classname="AirportTest" time="0.0"/>
  <testcase name="correctInit()[160]" classname="AirportTest" time="0.001"/>
  <testcase name="correctInit()[161]" classname="AirportTest" time="0.0"/>
  <testcase name="correctInit()[162]" classname="AirportTest" time="0.001"/>
  <testcase name="correctInit()[163]" classname="AirportTest" time="0.0"/>
  <testcase name="correctInit()[164]" classname="AirportTest" time="0.001"/>
  <testcase name="correctInit()[165]" classname="AirportTest" time="0.0"/>
  <testcase name="correctInit()[166]" classname="AirportTest" time="0.0"/>
  <testcase name="correctInit()[167]" classname="AirportTest" time="0.0"/>
  <testcase name="correctInit()[168]" classname="AirportTest" time="0.0"/>
  <testcase name="correctInit()[169]" classname="AirportTest" time="0.0"/>
  <testcase name="correctInit()[170]" classname="AirportTest" time="0.0"/>
  <testcase name="correctInit()[171]" classname="AirportTest" time="0.0"/>
  <testcase name="correctInit()[172]" classname="AirportTest" time="0.001"/>
  <testcase name="correctInit()[173]" classname="AirportTest" time="0.001"/>
  <testcase name="correctInit()[174]" classname="AirportTest" time="0.0"/>
  <testcase name="correctInit()[175]" classname="AirportTest" time="0.001"/>
  <testcase name="correctInit()[176]" classname="AirportTest" time="0.0"/>
  <testcase name="correctInit()[177]" classname="AirportTest" time="0.001"/>
  <testcase name="correctInit()[178]" classname="AirportTest" time="0.0"/>
  <testcase name="correctInit()[179]" classname="AirportTest" time="0.0"/>
  <testcase name="correctInit()[180]" classname="AirportTest" time="0.001"/>
  <testcase name="correctInit()[181]" classname="AirportTest" time="0.001"/>
  <testcase name="correctInit()[182]" classname="AirportTest" time="0.0"/>
  <testcase name="correctInit()[183]" classname="AirportTest" time="0.001"/>
  <testcase name="correctInit()[184]" classname="AirportTest" time="0.001"/>
  <testcase name="correctInit()[185]" classname="AirportTest" time="0.0"/>
  <testcase name="correctInit()[186]" classname="AirportTest" time="0.001"/>
  <testcase name="correctInit()[187]" classname="AirportTest" time="0.0"/>
  <testcase name="correctInit()[188]" classname="AirportTest" time="0.001"/>
  <testcase name="correctInit()[189]" classname="AirportTest" time="0.0"/>
  <testcase name="correctInit()[190]" classname="AirportTest" time="0.007"/>
  <testcase name="correctInit()[191]" classname="AirportTest" time="0.001"/>
  <testcase name="correctInit()[192]" classname="AirportTest" time="0.0"/>
  <testcase name="correctInit()[193]" classname="AirportTest" time="0.0"/>
  <testcase name="correctInit()[194]" classname="AirportTest" time="0.001"/>
  <testcase name="correctInit()[195]" classname="AirportTest" time="0.0"/>
  <testcase name="correctInit()[196]" classname="AirportTest" time="0.001"/>
  <testcase name="correctInit()[197]" classname="AirportTest" time="0.0"/>
  <testcase name="correctInit()[198]" classname="AirportTest" time="0.0"/>
  <testcase name="correctInit()[199]" classname="AirportTest" time="0.0"/>
  <testcase name="correctInit()[200]" classname="AirportTest" time="0.0"/>
  <testcase name="correctInit()[201]" classname="AirportTest" time="0.0"/>
  <testcase name="correctInit()[202]" classname="AirportTest" time="0.0"/>
  <testcase name="correctInit()[203]" classname="AirportTest" time="0.001"/>
  <testcase name="correctInit()[204]" classname="AirportTest" time="0.0"/>
  <testcase name="correctInit()[205]" classname="AirportTest" time="0.0"/>
  <testcase name="correctInit()[206]" classname="AirportTest" time="0.001"/>
  <testcase name="correctInit()[207]" classname="AirportTest" time="0.0"/>
  <testcase name="correctInit()[208]" classname="AirportTest" time="0.0"/>
  <testcase name="correctInit()[209]" classname="AirportTest" time="0.0"/>
  <testcase name="correctInit()[210]" classname="AirportTest" time="0.0"/>
  <testcase name="correctInit()[211]" classname="AirportTest" time="0.001"/>
  <testcase name="correctInit()[212]" classname="AirportTest" time="0.0"/>
  <testcase name="correctInit()[213]" classname="AirportTest" time="0.0"/>
  <testcase name="correctInit()[214]" classname="AirportTest" time="0.001"/>
  <testcase name="correctInit()[215]" classname="AirportTest" time="0.0"/>
  <testcase name="correctInit()[216]" classname="AirportTest" time="0.001"/>
  <testcase name="correctInit()[217]" classname="AirportTest" time="0.0"/>
  <testcase name="correctInit()[218]" classname="AirportTest" time="0.001"/>
  <testcase name="correctInit()[219]" classname="AirportTest" time="0.0"/>
  <testcase name="correctInit()[220]" classname="AirportTest" time="0.0"/>
  <testcase name="correctInit()[221]" classname="AirportTest" time="0.0"/>
  <testcase name="correctInit()[222]" classname="AirportTest" time="0.0"/>
  <testcase name="correctInit()[223]" classname="AirportTest" time="0.0"/>
  <testcase name="correctInit()[224]" classname="AirportTest" time="0.0"/>
  <testcase name="correctInit()[225]" classname="AirportTest" time="0.001"/>
  <testcase name="correctInit()[226]" classname="AirportTest" time="0.001"/>
  <testcase name="correctInit()[227]" classname="AirportTest" time="0.0"/>
  <testcase name="correctInit()[228]" classname="AirportTest" time="0.0"/>
  <testcase name="correctInit()[229]" classname="AirportTest" time="0.001"/>
  <testcase name="correctInit()[230]" classname="AirportTest" time="0.0"/>
  <testcase name="correctInit()[231]" classname="AirportTest" time="0.001"/>
  <testcase name="correctInit()[232]" classname="AirportTest" time="0.0"/>
  <testcase name="correctInit()[233]" classname="AirportTest" time="0.0"/>
  <testcase name="correctInit()[234]" classname="AirportTest" time="0.001"/>
  <testcase name="correctInit()[235]" classname="AirportTest" time="0.0"/>
  <testcase name="correctInit()[236]" classname="AirportTest" time="0.0"/>
  <testcase name="correctInit()[237]" classname="AirportTest" time="0.0"/>
  <testcase name="correctInit()[238]" classname="AirportTest" time="0.0"/>
  <testcase name="correctInit()[239]" classname="AirportTest" time="0.001"/>
  <testcase name="correctInit()[240]" classname="AirportTest" time="0.0"/>
  <testcase name="correctInit()[241]" classname="AirportTest" time="0.0"/>
  <testcase name="correctInit()[242]" classname="AirportTest" time="0.0"/>
  <testcase name="correctInit()[243]" classname="AirportTest" time="0.0"/>
  <testcase name="correctInit()[244]" classname="AirportTest" time="0.001"/>
  <testcase name="correctInit()[245]" classname="AirportTest" time="0.001"/>
  <testcase name="correctInit()[246]" classname="AirportTest" time="0.0"/>
  <testcase name="correctInit()[247]" classname="AirportTest" time="0.0"/>
  <testcase name="correctInit()[248]" classname="AirportTest" time="0.0"/>
  <testcase name="correctInit()[249]" classname="AirportTest" time="0.001"/>
  <testcase name="correctInit()[250]" classname="AirportTest" time="0.0"/>
  <testcase name="correctInit()[251]" classname="AirportTest" time="0.001"/>
  <testcase name="correctInit()[252]" classname="AirportTest" time="0.0"/>
  <testcase name="correctInit()[253]" classname="AirportTest" time="0.0"/>
  <testcase name="correctInit()[254]" classname="AirportTest" time="0.001"/>
  <testcase name="correctInit()[255]" classname="AirportTest" time="0.001"/>
  <testcase name="correctInit()[256]" classname="AirportTest" time="0.0"/>
  <testcase name="correctInit()[257]" classname="AirportTest" time="0.0"/>
  <testcase name="correctInit()[258]" classname="AirportTest" time="0.0"/>
  <testcase name="correctInit()[259]" classname="AirportTest" time="0.001"/>
  <testcase name="correctInit()[260]" classname="AirportTest" time="0.0"/>
  <testcase name="correctInit()[261]" classname="AirportTest" time="0.001"/>
  <testcase name="correctInit()[262]" classname="AirportTest" time="0.0"/>
  <testcase name="correctInit()[263]" classname="AirportTest" time="0.0"/>
  <testcase name="correctInit()[264]" classname="AirportTest" time="0.001"/>
  <testcase name="correctInit()[265]" classname="AirportTest" time="0.0"/>
  <testcase name="correctInit()[266]" classname="AirportTest" time="0.0"/>
  <testcase name="correctInit()[267]" classname="AirportTest" time="0.0"/>
  <testcase name="correctInit()[268]" classname="AirportTest" time="0.0"/>
  <testcase name="correctInit()[269]" classname="AirportTest" time="0.0"/>
  <testcase name="correctInit()[270]" classname="AirportTest" time="0.001"/>
  <testcase name="correctInit()[271]" classname="AirportTest" time="0.0"/>
  <testcase name="correctInit()[272]" classname="AirportTest" time="0.0"/>
  <testcase name="correctInit()[273]" classname="AirportTest" time="0.001"/>
  <testcase name="correctInit()[274]" classname="AirportTest" time="0.0"/>
  <testcase name="correctInit()[275]" classname="AirportTest" time="0.0"/>
  <testcase name="correctInit()[276]" classname="AirportTest" time="0.001"/>
  <testcase name="correctInit()[277]" classname="AirportTest" time="0.0"/>
  <testcase name="correctInit()[278]" classname="AirportTest" time="0.0"/>
  <testcase name="correctInit()[279]" classname="AirportTest" time="0.0"/>
  <testcase name="correctInit()[280]" classname="AirportTest" time="0.0"/>
  <testcase name="correctInit()[281]" classname="AirportTest" time="0.0"/>
  <testcase name="correctInit()[282]" classname="AirportTest" time="0.0"/>
  <testcase name="correctInit()[283]" classname="AirportTest" time="0.0"/>
  <testcase name="correctInit()[284]" classname="AirportTest" time="0.001"/>
  <testcase name="correctInit()[285]" classname="AirportTest" time="0.0"/>
  <testcase name="correctInit()[286]" classname="AirportTest" time="0.0"/>
  <testcase name="correctInit()[287]" classname="AirportTest" time="0.0"/>
  <testcase name="correctInit()[288]" classname="AirportTest" time="0.0"/>
  <testcase name="correctInit()[289]" classname="AirportTest" time="0.0"/>
  <testcase name="correctInit()[290]" classname="AirportTest" time="0.0"/>
  <testcase name="correctInit()[291]" classname="AirportTest" time="0.0"/>
  <testcase name="correctInit()[292]" classname="AirportTest" time="0.0"/>
  <testcase name="correctInit()[293]" classname="AirportTest" time="0.0"/>
  <testcase name="correctInit()[294]" classname="AirportTest" time="0.0"/>
  <testcase name="correctInit()[295]" classname="AirportTest" time="0.001"/>
  <testcase name="correctInit()[296]" classname="AirportTest" time="0.0"/>
  <testcase name="correctInit()[297]" classname="AirportTest" time="0.0"/>
  <testcase name="correctInit()[298]" classname="AirportTest" time="0.001"/>
  <testcase name="correctInit()[299]" classname="AirportTest" time="0.0"/>
  <testcase name="correctInit()[300]" classname="AirportTest" time="0.0"/>
  <testcase name="correctInit()[301]" classname="AirportTest" time="0.0"/>
  <testcase name="correctInit()[302]" classname="AirportTest" time="0.0"/>
  <testcase name="correctInit()[303]" classname="AirportTest" time="0.0"/>
  <testcase name="correctInit()[304]" classname="AirportTest" time="0.001"/>
  <testcase name="correctInit()[305]" classname="AirportTest" time="0.0"/>
  <testcase name="correctInit()[306]" classname="AirportTest" time="0.0"/>
  <testcase name="correctInit()[307]" classname="AirportTest" time="0.001"/>
  <testcase name="correctInit()[308]" classname="AirportTest" time="0.0"/>
  <testcase name="correctInit()[309]" classname="AirportTest" time="0.0"/>
  <testcase name="correctInit()[310]" classname="AirportTest" time="0.001"/>
  <testcase name="correctInit()[311]" classname="AirportTest" time="0.0"/>
  <testcase name="correctInit()[312]" classname="AirportTest" time="0.001"/>
  <testcase name="correctInit()[313]" classname="AirportTest" time="0.0"/>
  <testcase name="correctInit()[314]" classname="AirportTest" time="0.0"/>
  <testcase name="correctInit()[315]" classname="AirportTest" time="0.001"/>
  <testcase name="correctInit()[316]" classname="AirportTest" time="0.0"/>
  <testcase name="correctInit()[317]" classname="AirportTest" time="0.0"/>
  <testcase name="correctInit()[318]" classname="AirportTest" time="0.001"/>
  <testcase name="correctInit()[319]" classname="AirportTest" time="0.0"/>
  <testcase name="correctInit()[320]" classname="AirportTest" time="0.0"/>
  <testcase name="correctInit()[321]" classname="AirportTest" time="0.001"/>
  <testcase name="correctInit()[322]" classname="AirportTest" time="0.0"/>
  <testcase name="correctInit()[323]" classname="AirportTest" time="0.001"/>
  <testcase name="correctInit()[324]" classname="AirportTest" time="0.0"/>
  <testcase name="correctInit()[325]" classname="AirportTest" time="0.0"/>
  <testcase name="correctInit()[326]" classname="AirportTest" time="0.001"/>
  <testcase name="correctInit()[327]" classname="AirportTest" time="0.0"/>
  <testcase name="correctInit()[328]" classname="AirportTest" time="0.0"/>
  <testcase name="correctInit()[329]" classname="AirportTest" time="0.001"/>
  <testcase name="correctInit()[330]" classname="AirportTest" time="0.0"/>
  <testcase name="correctInit()[331]" classname="AirportTest" time="0.0"/>
  <testcase name="correctInit()[332]" classname="AirportTest" time="0.0"/>
  <testcase name="correctInit()[333]" classname="AirportTest" time="0.0"/>
  <testcase name="correctInit()[334]" classname="AirportTest" time="0.001"/>
  <testcase name="correctInit()[335]" classname="AirportTest" time="0.0"/>
  <testcase name="correctInit()[336]" classname="AirportTest" time="0.0"/>
  <testcase name="correctInit()[337]" classname="AirportTest" time="0.001"/>
  <testcase name="correctInit()[338]" classname="AirportTest" time="0.001"/>
  <testcase name="correctInit()[339]" classname="AirportTest" time="0.0"/>
  <testcase name="correctInit()[340]" classname="AirportTest" time="0.0"/>
  <testcase name="correctInit()[341]" classname="AirportTest" time="0.001"/>
  <testcase name="correctInit()[342]" classname="AirportTest" time="0.0"/>
  <testcase name="correctInit()[343]" classname="AirportTest" time="0.0"/>
  <testcase name="correctInit()[344]" classname="AirportTest" time="0.0"/>
  <testcase name="correctInit()[345]" classname="AirportTest" time="0.0"/>
  <testcase name="correctInit()[346]" classname="AirportTest" time="0.0"/>
  <testcase name="correctInit()[347]" classname="AirportTest" time="0.0"/>
  <testcase name="correctInit()[348]" classname="AirportTest" time="0.0"/>
  <testcase name="correctInit()[349]" classname="AirportTest" time="0.0"/>
  <testcase name="correctInit()[350]" classname="AirportTest" time="0.0"/>
  <testcase name="correctInit()[351]" classname="AirportTest" time="0.0"/>
  <testcase name="correctInit()[352]" classname="AirportTest" time="0.001"/>
  <testcase name="correctInit()[353]" classname="AirportTest" time="0.0"/>
  <testcase name="correctInit()[354]" classname="AirportTest" time="0.0"/>
  <testcase name="correctInit()[355]" classname="AirportTest" time="0.001"/>
  <testcase name="correctInit()[356]" classname="AirportTest" time="0.0"/>
  <testcase name="correctInit()[357]" classname="AirportTest" time="0.0"/>
  <testcase name="correctInit()[358]" classname="AirportTest" time="0.0"/>
  <testcase name="correctInit()[359]" classname="AirportTest" time="0.0"/>
  <testcase name="correctInit()[360]" classname="AirportTest" time="0.001"/>
  <testcase name="correctInit()[361]" classname="AirportTest" time="0.0"/>
  <testcase name="correctInit()[362]" classname="AirportTest" time="0.001"/>
  <testcase name="correctInit()[363]" classname="AirportTest" time="0.0"/>
  <testcase name="correctInit()[364]" classname="AirportTest" time="0.0"/>
  <testcase name="correctInit()[365]" classname="AirportTest" time="0.001"/>
  <testcase name="correctInit()[366]" classname="AirportTest" time="0.0"/>
  <testcase name="correctInit()[367]" classname="AirportTest" time="0.001"/>
  <testcase name="correctInit()[368]" classname="AirportTest" time="0.0"/>
  <testcase name="correctInit()[369]" classname="AirportTest" time="0.0"/>
  <testcase name="correctInit()[370]" classname="AirportTest" time="0.0"/>
  <testcase name="correctInit()[371]" classname="AirportTest" time="0.0"/>
  <testcase name="correctInit()[372]" classname="AirportTest" time="0.001"/>
  <testcase name="correctInit()[373]" classname="AirportTest" time="0.001"/>
  <testcase name="correctInit()[374]" classname="AirportTest" time="0.001"/>
  <testcase name="correctInit()[375]" classname="AirportTest" time="0.001"/>
  <testcase name="correctInit()[376]" classname="AirportTest" time="0.0"/>
  <testcase name="correctInit()[377]" classname="AirportTest" time="0.0"/>
  <testcase name="correctInit()[378]" classname="AirportTest" time="0.001"/>
  <testcase name="correctInit()[379]" classname="AirportTest" time="0.0"/>
  <testcase name="correctInit()[380]" classname="AirportTest" time="0.0"/>
  <testcase name="correctInit()[381]" classname="AirportTest" time="0.001"/>
  <testcase name="correctInit()[382]" classname="AirportTest" time="0.0"/>
  <testcase name="correctInit()[383]" classname="AirportTest" time="0.0"/>
  <testcase name="correctInit()[384]" classname="AirportTest" time="0.001"/>
  <testcase name="correctInit()[385]" classname="AirportTest" time="0.001"/>
  <testcase name="correctInit()[386]" classname="AirportTest" time="0.001"/>
  <testcase name="correctInit()[387]" classname="AirportTest" time="0.001"/>
  <testcase name="correctInit()[388]" classname="AirportTest" time="0.0"/>
  <testcase name="correctInit()[389]" classname="AirportTest" time="0.001"/>
  <testcase name="correctInit()[390]" classname="AirportTest" time="0.0"/>
  <testcase name="correctInit()[391]" classname="AirportTest" time="0.0"/>
  <testcase name="correctInit()[392]" classname="AirportTest" time="0.001"/>
  <testcase name="correctInit()[393]" classname="AirportTest" time="0.0"/>
  <testcase name="correctInit()[394]" classname="AirportTest" time="0.001"/>
  <testcase name="correctInit()[395]" classname="AirportTest" time="0.0"/>
  <testcase name="correctInit()[396]" classname="AirportTest" time="0.0"/>
  <testcase name="correctInit()[397]" classname="AirportTest" time="0.001"/>
  <testcase name="correctInit()[398]" classname="AirportTest" time="0.0"/>
  <testcase name="correctInit()[399]" classname="AirportTest" time="0.0"/>
  <testcase name="correctInit()[400]" classname="AirportTest" time="0.001"/>
  <testcase name="correctInit()[401]" classname="AirportTest" time="0.0"/>
  <testcase name="correctInit()[402]" classname="AirportTest" time="0.0"/>
  <testcase name="correctInit()[403]" classname="AirportTest" time="0.001"/>
  <testcase name="correctInit()[404]" classname="AirportTest" time="0.0"/>
  <testcase name="correctInit()[405]" classname="AirportTest" time="0.0"/>
  <testcase name="correctInit()[406]" classname="AirportTest" time="0.0"/>
  <testcase name="correctInit()[407]" classname="AirportTest" time="0.0"/>
  <testcase name="correctInit()[408]" classname="AirportTest" time="0.0"/>
  <testcase name="correctInit()[409]" classname="AirportTest" time="0.001"/>
  <testcase name="correctInit()[410]" classname="AirportTest" time="0.0"/>
  <testcase name="correctInit()[411]" classname="AirportTest" time="0.0"/>
  <testcase name="correctInit()[412]" classname="AirportTest" time="0.001"/>
  <testcase name="correctInit()[413]" classname="AirportTest" time="0.0"/>
  <testcase name="correctInit()[414]" classname="AirportTest" time="0.001"/>
  <testcase name="correctInit()[415]" classname="AirportTest" time="0.0"/>
  <testcase name="correctInit()[416]" classname="AirportTest" time="0.001"/>
  <testcase name="correctInit()[417]" classname="AirportTest" time="0.0"/>
  <testcase name="correctInit()[418]" classname="AirportTest" time="0.0"/>
  <testcase name="correctInit()[419]" classname="AirportTest" time="0.001"/>
  <testcase name="correctInit()[420]" classname="AirportTest" time="0.0"/>
  <testcase name="correctInit()[421]" classname="AirportTest" time="0.001"/>
  <testcase name="correctInit()[422]" classname="AirportTest" time="0.0"/>
  <testcase name="correctInit()[423]" classname="AirportTest" time="0.0"/>
  <testcase name="correctInit()[424]" classname="AirportTest" time="0.0"/>
  <testcase name="correctInit()[425]" classname="AirportTest" time="0.001"/>
  <testcase name="correctInit()[426]" classname="AirportTest" time="0.0"/>
  <testcase name="correctInit()[427]" classname="AirportTest" time="0.0"/>
  <testcase name="correctInit()[428]" classname="AirportTest" time="0.0"/>
  <testcase name="correctInit()[429]" classname="AirportTest" time="0.001"/>
  <testcase name="correctInit()[430]" classname="AirportTest" time="0.0"/>
  <testcase name="correctInit()[431]" classname="AirportTest" time="0.0"/>
  <testcase name="correctInit()[432]" classname="AirportTest" time="0.0"/>
  <testcase name="correctInit()[433]" classname="AirportTest" time="0.001"/>
  <testcase name="correctInit()[434]" classname="AirportTest" time="0.0"/>
  <testcase name="correctInit()[435]" classname="AirportTest" time="0.0"/>
  <testcase name="correctInit()[436]" classname="AirportTest" time="0.001"/>
  <testcase name="correctInit()[437]" classname="AirportTest" time="0.0"/>
  <testcase name="correctInit()[438]" classname="AirportTest" time="0.0"/>
  <testcase name="correctInit()[439]" classname="AirportTest" time="0.0"/>
  <testcase name="correctInit()[440]" classname="AirportTest" time="0.001"/>
  <testcase name="correctInit()[441]" classname="AirportTest" time="0.0"/>
  <testcase name="correctInit()[442]" classname="AirportTest" time="0.0"/>
  <testcase name="correctInit()[443]" classname="AirportTest" time="0.001"/>
  <testcase name="correctInit()[444]" classname="AirportTest" time="0.0"/>
  <testcase name="correctInit()[445]" classname="AirportTest" time="0.0"/>
  <testcase name="correctInit()[446]" classname="AirportTest" time="0.0"/>
  <testcase name="correctInit()[447]" classname="AirportTest" time="0.0"/>
  <testcase name="correctInit()[448]" classname="AirportTest" time="0.0"/>
  <testcase name="correctInit()[449]" classname="AirportTest" time="0.0"/>
  <testcase name="correctInit()[450]" classname="AirportTest" time="0.0"/>
  <testcase name="correctInit()[451]" classname="AirportTest" time="0.0"/>
  <testcase name="correctInit()[452]" classname="AirportTest" time="0.0"/>
  <testcase name="correctInit()[453]" classname="AirportTest" time="0.001"/>
  <testcase name="correctInit()[454]" classname="AirportTest" time="0.0"/>
  <testcase name="correctInit()[455]" classname="AirportTest" time="0.0"/>
  <testcase name="correctInit()[456]" classname="AirportTest" time="0.001"/>
  <testcase name="correctInit()[457]" classname="AirportTest" time="0.0"/>
  <testcase name="correctInit()[458]" classname="AirportTest" time="0.0"/>
  <testcase name="correctInit()[459]" classname="AirportTest" time="0.001"/>
  <testcase name="correctInit()[460]" classname="AirportTest" time="0.0"/>
  <testcase name="correctInit()[461]" classname="AirportTest" time="0.0"/>
  <testcase name="correctInit()[462]" classname="AirportTest" time="0.001"/>
  <testcase name="correctInit()[463]" classname="AirportTest" time="0.0"/>
  <testcase name="correctInit()[464]" classname="AirportTest" time="0.001"/>
  <testcase name="correctInit()[465]" classname="AirportTest" time="0.0"/>
  <testcase name="correctInit()[466]" classname="AirportTest" time="0.0"/>
  <testcase name="correctInit()[467]" classname="AirportTest" time="0.0"/>
  <testcase name="correctInit()[468]" classname="AirportTest" time="0.0"/>
  <testcase name="correctInit()[469]" classname="AirportTest" time="0.0"/>
  <testcase name="correctInit()[470]" classname="AirportTest" time="0.0"/>
  <testcase name="correctInit()[471]" classname="AirportTest" time="0.0"/>
  <testcase name="correctInit()[472]" classname="AirportTest" time="0.0"/>
  <testcase name="correctInit()[473]" classname="AirportTest" time="0.001"/>
  <testcase name="correctInit()[474]" classname="AirportTest" time="0.0"/>
  <testcase name="correctInit()[475]" classname="AirportTest" time="0.0"/>
  <testcase name="correctInit()[476]" classname="AirportTest" time="0.0"/>
  <testcase name="correctInit()[477]" classname="AirportTest" time="0.0"/>
  <testcase name="correctInit()[478]" classname="AirportTest" time="0.001"/>
  <testcase name="correctInit()[479]" classname="AirportTest" time="0.0"/>
  <testcase name="correctInit()[480]" classname="AirportTest" time="0.0"/>
  <testcase name="correctInit()[481]" classname="AirportTest" time="0.0"/>
  <testcase name="correctInit()[482]" classname="AirportTest" time="0.0"/>
  <testcase name="correctInit()[483]" classname="AirportTest" time="0.0"/>
  <testcase name="correctInit()[484]" classname="AirportTest" time="0.001"/>
  <testcase name="correctInit()[485]" classname="AirportTest" time="0.0"/>
  <testcase name="correctInit()[486]" classname="AirportTest" time="0.0"/>
  <testcase name="correctInit()[487]" classname="AirportTest" time="0.001"/>
  <testcase name="correctInit()[488]" classname="AirportTest" time="0.001"/>
  <testcase name="correctInit()[489]" classname="AirportTest" time="0.0"/>
  <testcase name="correctInit()[490]" classname="AirportTest" time="0.001"/>
  <testcase name="correctInit()[491]" classname="AirportTest" time="0.0"/>
  <testcase name="correctInit()[492]" classname="AirportTest" time="0.001"/>
  <testcase name="correctInit()[493]" classname="AirportTest" time="0.0"/>
  <testcase name="correctInit()[494]" classname="AirportTest" time="0.0"/>
  <testcase name="correctInit()[495]" classname="AirportTest" time="0.001"/>
  <testcase name="correctInit()[496]" classname="AirportTest" time="0.0"/>
  <testcase name="correctInit()[497]" classname="AirportTest" time="0.001"/>
  <testcase name="correctInit()[498]" classname="AirportTest" time="0.0"/>
  <testcase name="correctInit()[499]" classname="AirportTest" time="0.001"/>
  <testcase name="correctInit()[500]" classname="AirportTest" time="0.0"/>
  <testcase name="correctInit()[501]" classname="AirportTest" time="0.001"/>
  <testcase name="correctInit()[502]" classname="AirportTest" time="0.0"/>
  <testcase name="correctInit()[503]" classname="AirportTest" time="0.001"/>
  <testcase name="correctInit()[504]" classname="AirportTest" time="0.0"/>
  <testcase name="correctInit()[505]" classname="AirportTest" time="0.0"/>
  <testcase name="correctInit()[506]" classname="AirportTest" time="0.001"/>
  <testcase name="correctInit()[507]" classname="AirportTest" time="0.0"/>
  <testcase name="correctInit()[508]" classname="AirportTest" time="0.0"/>
  <testcase name="correctInit()[509]" classname="AirportTest" time="0.0"/>
  <testcase name="correctInit()[510]" classname="AirportTest" time="0.0"/>
  <testcase name="correctInit()[511]" classname="AirportTest" time="0.001"/>
  <testcase name="correctInit()[512]" classname="AirportTest" time="0.0"/>
  <testcase name="correctInit()[513]" classname="AirportTest" time="0.001"/>
  <testcase name="correctInit()[514]" classname="AirportTest" time="0.0"/>
  <testcase name="correctInit()[515]" classname="AirportTest" time="0.001"/>
  <testcase name="correctInit()[516]" classname="AirportTest" time="0.0"/>
  <testcase name="correctInit()[517]" classname="AirportTest" time="0.001"/>
  <testcase name="correctInit()[518]" classname="AirportTest" time="0.0"/>
  <testcase name="correctInit()[519]" classname="AirportTest" time="0.001"/>
  <testcase name="correctInit()[520]" classname="AirportTest" time="0.0"/>
  <testcase name="correctInit()[521]" classname="AirportTest" time="0.0"/>
  <testcase name="correctInit()[522]" classname="AirportTest" time="0.0"/>
  <testcase name="correctInit()[523]" classname="AirportTest" time="0.001"/>
  <testcase name="correctInit()[524]" classname="AirportTest" time="0.0"/>
  <testcase name="correctInit()[525]" classname="AirportTest" time="0.0"/>
  <testcase name="correctInit()[526]" classname="AirportTest" time="0.001"/>
  <testcase name="correctInit()[527]" classname="AirportTest" time="0.0"/>
  <testcase name="correctInit()[528]" classname="AirportTest" time="0.001"/>
  <testcase name="correctInit()[529]" classname="AirportTest" time="0.0"/>
  <testcase name="correctInit()[530]" classname="AirportTest" time="0.001"/>
  <testcase name="correctInit()[531]" classname="AirportTest" time="0.001"/>
  <testcase name="correctInit()[532]" classname="AirportTest" time="0.0"/>
  <testcase name="correctInit()[533]" classname="AirportTest" time="0.0"/>
  <testcase name="correctInit()[534]" classname="AirportTest" time="0.001"/>
  <testcase name="correctInit()[535]" classname="AirportTest" time="0.0"/>
  <testcase name="correctInit()[536]" classname="AirportTest" time="0.001"/>
  <testcase name="correctInit()[537]" classname="AirportTest" time="0.0"/>
  <testcase name="correctInit()[538]" classname="AirportTest" time="0.0"/>
  <testcase name="correctInit()[539]" classname="AirportTest" time="0.001"/>
  <testcase name="correctInit()[540]" classname="AirportTest" time="0.0"/>
  <testcase name="correctInit()[541]" classname="AirportTest" time="0.001"/>
  <testcase name="correctInit()[542]" classname="AirportTest" time="0.0"/>
  <testcase name="correctInit()[543]" classname="AirportTest" time="0.0"/>
  <testcase name="correctInit()[544]" classname="AirportTest" time="0.001"/>
  <testcase name="correctInit()[545]" classname="AirportTest" time="0.0"/>
  <testcase name="correctInit()[546]" classname="AirportTest" time="0.001"/>
  <testcase name="correctInit()[547]" classname="AirportTest" time="0.0"/>
  <testcase name="correctInit()[548]" classname="AirportTest" time="0.0"/>
  <testcase name="correctInit()[549]" classname="AirportTest" time="0.0"/>
  <testcase name="correctInit()[550]" classname="AirportTest" time="0.0"/>
  <testcase name="correctInit()[551]" classname="AirportTest" time="0.001"/>
  <testcase name="correctInit()[552]" classname="AirportTest" time="0.0"/>
  <testcase name="correctInit()[553]" classname="AirportTest" time="0.0"/>
  <testcase name="correctInit()[554]" classname="AirportTest" time="0.001"/>
  <testcase name="correctInit()[555]" classname="AirportTest" time="0.0"/>
  <testcase name="correctInit()[556]" classname="AirportTest" time="0.001"/>
  <testcase name="correctInit()[557]" classname="AirportTest" time="0.0"/>
  <testcase name="correctInit()[558]" classname="AirportTest" time="0.0"/>
  <testcase name="correctInit()[559]" classname="AirportTest" time="0.001"/>
  <testcase name="correctInit()[560]" classname="AirportTest" time="0.0"/>
  <testcase name="correctInit()[561]" classname="AirportTest" time="0.0"/>
  <testcase name="correctInit()[562]" classname="AirportTest" time="0.001"/>
  <testcase name="correctInit()[563]" classname="AirportTest" time="0.0"/>
  <testcase name="correctInit()[564]" classname="AirportTest" time="0.0"/>
  <testcase name="correctInit()[565]" classname="AirportTest" time="0.001"/>
  <testcase name="correctInit()[566]" classname="AirportTest" time="0.0"/>
  <testcase name="correctInit()[567]" classname="AirportTest" time="0.001"/>
  <testcase name="correctInit()[568]" classname="AirportTest" time="0.0"/>
  <testcase name="logScans()[1]" classname="AirportTest" time="0.001"/>
  <testcase name="logScans()[2]" classname="AirportTest" time="0.001"/>
  <testcase name="logScans()[3]" classname="AirportTest" time="0.001"/>
  <testcase name="logScans()[4]" classname="AirportTest" time="0.001"/>
  <testcase name="logScans()[5]" classname="AirportTest" time="0.001"/>
  <testcase name="logScans()[6]" classname="AirportTest" time="0.002"/>
  <testcase name="logScans()[7]" classname="AirportTest" time="0.001"/>
  <testcase name="logScans()[8]" classname="AirportTest" time="0.001"/>
  <testcase name="logScans()[9]" classname="AirportTest" time="0.0"/>
  <testcase name="logScans()[10]" classname="AirportTest" time="0.001"/>
  <testcase name="logScans()[11]" classname="AirportTest" time="0.001"/>
  <testcase name="logScans()[12]" classname="AirportTest" time="0.001"/>
  <testcase name="logScans()[13]" classname="AirportTest" time="0.001"/>
  <testcase name="logScans()[14]" classname="AirportTest" time="0.001"/>
  <testcase name="logScans()[15]" classname="AirportTest" time="0.003"/>
  <testcase name="logScans()[16]" classname="AirportTest" time="0.001"/>
  <testcase name="logScans()[17]" classname="AirportTest" time="0.001"/>
  <testcase name="logScans()[18]" classname="AirportTest" time="0.002"/>
  <testcase name="logScans()[19]" classname="AirportTest" time="0.001"/>
  <testcase name="logScans()[20]" classname="AirportTest" time="0.001"/>
  <testcase name="logScans()[21]" classname="AirportTest" time="0.001"/>
  <testcase name="logScans()[22]" classname="AirportTest" time="0.001"/>
  <testcase name="logScans()[23]" classname="AirportTest" time="0.002"/>
  <testcase name="logScans()[24]" classname="AirportTest" time="0.001"/>
  <testcase name="logScans()[25]" classname="AirportTest" time="0.001"/>
  <testcase name="logScans()[26]" classname="AirportTest" time="0.001"/>
  <testcase name="logScans()[27]" classname="AirportTest" time="0.001"/>
  <testcase name="logScans()[28]" classname="AirportTest" time="0.001"/>
  <testcase name="logScans()[29]" classname="AirportTest" time="0.001"/>
  <testcase name="logScans()[30]" classname="AirportTest" time="0.001"/>
  <testcase name="logScans()[31]" classname="AirportTest" time="0.001"/>
  <testcase name="logScans()[32]" classname="AirportTest" time="0.001"/>
  <testcase name="logScans()[33]" classname="AirportTest" time="0.001"/>
  <testcase name="logScans()[34]" classname="AirportTest" time="0.001"/>
  <testcase name="logScans()[35]" classname="AirportTest" time="0.002"/>
  <testcase name="logScans()[36]" classname="AirportTest" time="0.001"/>
  <testcase name="logScans()[37]" classname="AirportTest" time="0.001"/>
  <testcase name="logScans()[38]" classname="AirportTest" time="0.001"/>
  <testcase name="logScans()[39]" classname="AirportTest" time="0.001"/>
  <testcase name="logScans()[40]" classname="AirportTest" time="0.001"/>
  <testcase name="logScans()[41]" classname="AirportTest" time="0.001"/>
  <testcase name="logScans()[42]" classname="AirportTest" time="0.0"/>
  <testcase name="logScans()[43]" classname="AirportTest" time="0.001"/>
  <testcase name="logScans()[44]" classname="AirportTest" time="0.001"/>
  <testcase name="logScans()[45]" classname="AirportTest" time="0.001"/>
  <testcase name="logScans()[46]" classname="AirportTest" time="0.001"/>
  <testcase name="logScans()[47]" classname="AirportTest" time="0.002"/>
  <testcase name="logScans()[48]" classname="AirportTest" time="0.001"/>
  <testcase name="logScans()[49]" classname="AirportTest" time="0.001"/>
  <testcase name="logScans()[50]" classname="AirportTest" time="0.0"/>
  <testcase name="logScans()[51]" classname="AirportTest" time="0.0"/>
  <testcase name="logScans()[52]" classname="AirportTest" time="0.001"/>
  <testcase name="logScans()[53]" classname="AirportTest" time="0.001"/>
  <testcase name="logScans()[54]" classname="AirportTest" time="0.001"/>
  <testcase name="logScans()[55]" classname="AirportTest" time="0.002"/>
  <testcase name="logScans()[56]" classname="AirportTest" time="0.001"/>
  <testcase name="logScans()[57]" classname="AirportTest" time="0.001"/>
  <testcase name="logScans()[58]" classname="AirportTest" time="0.001"/>
  <testcase name="logScans()[59]" classname="AirportTest" time="0.001"/>
  <testcase name="logScans()[60]" classname="AirportTest" time="0.001"/>
  <testcase name="logScans()[61]" classname="AirportTest" time="0.002"/>
  <testcase name="logScans()[62]" classname="AirportTest" time="0.001"/>
  <testcase name="logScans()[63]" classname="AirportTest" time="0.001"/>
  <testcase name="logScans()[64]" classname="AirportTest" time="0.001"/>
  <testcase name="logScans()[65]" classname="AirportTest" time="0.001"/>
  <testcase name="logScans()[66]" classname="AirportTest" time="0.0"/>
  <testcase name="logScans()[67]" classname="AirportTest" time="0.0"/>
  <testcase name="logScans()[68]" classname="AirportTest" time="0.0"/>
  <testcase name="logScans()[69]" classname="AirportTest" time="0.001"/>
  <testcase name="logScans()[70]" classname="AirportTest" time="0.001"/>
  <testcase name="logScans()[71]" classname="AirportTest" time="0.001"/>
  <testcase name="logScans()[72]" classname="AirportTest" time="0.001"/>
  <testcase name="logScans()[73]" classname="AirportTest" time="0.0"/>
  <testcase name="logScans()[74]" classname="AirportTest" time="0.001"/>
  <testcase name="logScans()[75]" classname="AirportTest" time="0.001"/>
  <testcase name="logScans()[76]" classname="AirportTest" time="0.001"/>
  <testcase name="logScans()[77]" classname="AirportTest" time="0.001"/>
  <testcase name="logScans()[78]" classname="AirportTest" time="0.001"/>
  <testcase name="logScans()[79]" classname="AirportTest" time="0.001"/>
  <testcase name="logScans()[80]" classname="AirportTest" time="0.001"/>
  <testcase name="logScans()[81]" classname="AirportTest" time="0.001"/>
  <testcase name="logScans()[82]" classname="AirportTest" time="0.001"/>
  <testcase name="logScans()[83]" classname="AirportTest" time="0.001"/>
  <testcase name="logScans()[84]" classname="AirportTest" time="0.001"/>
  <testcase name="logScans()[85]" classname="AirportTest" time="0.001"/>
  <testcase name="logScans()[86]" classname="AirportTest" time="0.001"/>
  <testcase name="logScans()[87]" classname="AirportTest" time="0.0"/>
  <testcase name="logScans()[88]" classname="AirportTest" time="0.0"/>
  <testcase name="logScans()[89]" classname="AirportTest" time="0.001"/>
  <testcase name="logScans()[90]" classname="AirportTest" time="0.001"/>
  <testcase name="logScans()[91]" classname="AirportTest" time="0.001"/>
  <testcase name="logScans()[92]" classname="AirportTest" time="0.002"/>
  <testcase name="logScans()[93]" classname="AirportTest" time="0.001"/>
  <testcase name="logScans()[94]" classname="AirportTest" time="0.001"/>
  <testcase name="logScans()[95]" classname="AirportTest" time="0.001"/>
  <testcase name="logScans()[96]" classname="AirportTest" time="0.001"/>
  <testcase name="logScans()[97]" classname="AirportTest" time="0.001"/>
  <testcase name="logScans()[98]" classname="AirportTest" time="0.001"/>
  <testcase name="logScans()[99]" classname="AirportTest" time="0.001"/>
  <testcase name="logScans()[100]" classname="AirportTest" time="0.001"/>
  <testcase name="logScans()[101]" classname="AirportTest" time="0.001"/>
  <testcase name="logScans()[102]" classname="AirportTest" time="0.001"/>
  <testcase name="logScans()[103]" classname="AirportTest" time="0.001"/>
  <testcase name="logScans()[104]" classname="AirportTest" time="0.001"/>
  <testcase name="logScans()[105]" classname="AirportTest" time="0.001"/>
  <testcase name="logScans()[106]" classname="AirportTest" time="0.001"/>
  <testcase name="logScans()[107]" classname="AirportTest" time="0.001"/>
  <testcase name="logScans()[108]" classname="AirportTest" time="0.001"/>
  <testcase name="logScans()[109]" classname="AirportTest" time="0.001"/>
  <testcase name="logScans()[110]" classname="AirportTest" time="0.001"/>
  <testcase name="logScans()[111]" classname="AirportTest" time="0.0"/>
  <testcase name="logScans()[112]" classname="AirportTest" time="0.001"/>
  <testcase name="logScans()[113]" classname="AirportTest" time="0.001"/>
  <testcase name="logScans()[114]" classname="AirportTest" time="0.001"/>
  <testcase name="logScans()[115]" classname="AirportTest" time="0.001"/>
  <testcase name="logScans()[116]" classname="AirportTest" time="0.001"/>
  <testcase name="logScans()[117]" classname="AirportTest" time="0.001"/>
  <testcase name="logScans()[118]" classname="AirportTest" time="0.001"/>
  <testcase name="logScans()[119]" classname="AirportTest" time="0.003"/>
  <testcase name="logScans()[120]" classname="AirportTest" time="0.002"/>
  <testcase name="logScans()[121]" classname="AirportTest" time="0.001"/>
  <testcase name="logScans()[122]" classname="AirportTest" time="0.001"/>
  <testcase name="logScans()[123]" classname="AirportTest" time="0.001"/>
  <testcase name="logScans()[124]" classname="AirportTest" time="0.001"/>
  <testcase name="logScans()[125]" classname="AirportTest" time="0.0"/>
  <testcase name="logScans()[126]" classname="AirportTest" time="0.0"/>
  <testcase name="logScans()[127]" classname="AirportTest" time="0.0"/>
  <testcase name="logScans()[128]" classname="AirportTest" time="0.0"/>
  <testcase name="logScans()[129]" classname="AirportTest" time="0.0"/>
  <testcase name="logScans()[130]" classname="AirportTest" time="0.001"/>
  <testcase name="logScans()[131]" classname="AirportTest" time="0.001"/>
  <testcase name="logScans()[132]" classname="AirportTest" time="0.002"/>
  <testcase name="logScans()[133]" classname="AirportTest" time="0.0"/>
  <testcase name="logScans()[134]" classname="AirportTest" time="0.0"/>
  <testcase name="logScans()[135]" classname="AirportTest" time="0.001"/>
  <testcase name="logScans()[136]" classname="AirportTest" time="0.001"/>
  <testcase name="logScans()[137]" classname="AirportTest" time="0.001"/>
  <testcase name="logScans()[138]" classname="AirportTest" time="0.001"/>
  <testcase name="logScans()[139]" classname="AirportTest" time="0.001"/>
  <testcase name="logScans()[140]" classname="AirportTest" time="0.001"/>
  <testcase name="logScans()[141]" classname="AirportTest" time="0.001"/>
  <testcase name="logScans()[142]" classname="AirportTest" time="0.001"/>
  <testcase name="logScans()[143]" classname="AirportTest" time="0.001"/>
  <testcase name="logScans()[144]" classname="AirportTest" time="0.001"/>
  <testcase name="logScans()[145]" classname="AirportTest" time="0.001"/>
  <testcase name="logScans()[146]" classname="AirportTest" time="0.001"/>
  <testcase name="logScans()[147]" classname="AirportTest" time="0.001"/>
  <testcase name="logScans()[148]" classname="AirportTest" time="0.0"/>
  <testcase name="logScans()[149]" classname="AirportTest" time="0.001"/>
  <testcase name="logScans()[150]" classname="AirportTest" time="0.001"/>
  <testcase name="logScans()[151]" classname="AirportTest" time="0.001"/>
  <testcase name="logScans()[152]" classname="AirportTest" time="0.001"/>
  <testcase name="logScans()[153]" classname="AirportTest" time="0.0"/>
  <testcase name="logScans()[154]" classname="AirportTest" time="0.0"/>
  <testcase name="logScans()[155]" classname="AirportTest" time="0.001"/>
  <testcase name="logScans()[156]" classname="AirportTest" time="0.001"/>
  <testcase name="logScans()[157]" classname="AirportTest" time="0.001"/>
  <testcase name="logScans()[158]" classname="AirportTest" time="0.001"/>
  <testcase name="logScans()[159]" classname="AirportTest" time="0.0"/>
  <testcase name="logScans()[160]" classname="AirportTest" time="0.0"/>
  <testcase name="logScans()[161]" classname="AirportTest" time="0.001"/>
  <testcase name="logScans()[162]" classname="AirportTest" time="0.001"/>
  <testcase name="logScans()[163]" classname="AirportTest" time="0.001"/>
  <testcase name="logScans()[164]" classname="AirportTest" time="0.001"/>
  <testcase name="logScans()[165]" classname="AirportTest" time="0.001"/>
  <testcase name="logScans()[166]" classname="AirportTest" time="0.001"/>
  <testcase name="logScans()[167]" classname="AirportTest" time="0.001"/>
  <testcase name="logScans()[168]" classname="AirportTest" time="0.001"/>
  <testcase name="logScans()[169]" classname="AirportTest" time="0.001"/>
  <testcase name="logScans()[170]" classname="AirportTest" time="0.001"/>
  <testcase name="logScans()[171]" classname="AirportTest" time="0.001"/>
  <testcase name="logScans()[172]" classname="AirportTest" time="0.001"/>
  <testcase name="logScans()[173]" classname="AirportTest" time="0.002"/>
  <testcase name="logScans()[174]" classname="AirportTest" time="0.001"/>
  <testcase name="logScans()[175]" classname="AirportTest" time="0.001"/>
  <testcase name="logScans()[176]" classname="AirportTest" time="0.0"/>
  <testcase name="logScans()[177]" classname="AirportTest" time="0.001"/>
  <testcase name="logScans()[178]" classname="AirportTest" time="0.001"/>
  <testcase name="logScans()[179]" classname="AirportTest" time="0.001"/>
  <testcase name="logScans()[180]" classname="AirportTest" time="0.001"/>
  <testcase name="logScans()[181]" classname="AirportTest" time="0.001"/>
  <testcase name="logScans()[182]" classname="AirportTest" time="0.001"/>
  <testcase name="logScans()[183]" classname="AirportTest" time="0.001"/>
  <testcase name="logScans()[184]" classname="AirportTest" time="0.001"/>
  <testcase name="logScans()[185]" classname="AirportTest" time="0.001"/>
  <testcase name="logScans()[186]" classname="AirportTest" time="0.001"/>
  <testcase name="logScans()[187]" classname="AirportTest" time="0.001"/>
  <testcase name="logScans()[188]" classname="AirportTest" time="0.001"/>
  <testcase name="logScans()[189]" classname="AirportTest" time="0.001"/>
  <testcase name="logScans()[190]" classname="AirportTest" time="0.001"/>
  <testcase name="logScans()[191]" classname="AirportTest" time="0.003"/>
  <testcase name="logScans()[192]" classname="AirportTest" time="0.001"/>
  <testcase name="logScans()[193]" classname="AirportTest" time="0.001"/>
  <testcase name="logScans()[194]" classname="AirportTest" time="0.001"/>
  <testcase name="logScans()[195]" classname="AirportTest" time="0.001"/>
  <testcase name="logScans()[196]" classname="AirportTest" time="0.001"/>
  <testcase name="logScans()[197]" classname="AirportTest" time="0.001"/>
  <testcase name="logScans()[198]" classname="AirportTest" time="0.001"/>
  <testcase name="logScans()[199]" classname="AirportTest" time="0.001"/>
  <testcase name="logScans()[200]" classname="AirportTest" time="0.001"/>
  <testcase name="logScans()[201]" classname="AirportTest" time="0.001"/>
  <testcase name="logScans()[202]" classname="AirportTest" time="0.001"/>
  <testcase name="logScans()[203]" classname="AirportTest" time="0.001"/>
  <testcase name="logScans()[204]" classname="AirportTest" time="0.001"/>
  <testcase name="logScans()[205]" classname="AirportTest" time="0.0"/>
  <testcase name="logScans()[206]" classname="AirportTest" time="0.001"/>
  <testcase name="logScans()[207]" classname="AirportTest" time="0.001"/>
  <testcase name="logScans()[208]" classname="AirportTest" time="0.001"/>
  <testcase name="logScans()[209]" classname="AirportTest" time="0.001"/>
  <testcase name="logScans()[210]" classname="AirportTest" time="0.001"/>
  <testcase name="logScans()[211]" classname="AirportTest" time="0.001"/>
  <testcase name="logScans()[212]" classname="AirportTest" time="0.0"/>
  <testcase name="logScans()[213]" classname="AirportTest" time="0.0"/>
  <testcase name="logScans()[214]" classname="AirportTest" time="0.002"/>
  <testcase name="logScans()[215]" classname="AirportTest" time="0.001"/>
  <testcase name="logScans()[216]" classname="AirportTest" time="0.001"/>
  <testcase name="logScans()[217]" classname="AirportTest" time="0.0"/>
  <testcase name="logScans()[218]" classname="AirportTest" time="0.0"/>
  <testcase name="logScans()[219]" classname="AirportTest" time="0.0"/>
  <testcase name="logScans()[220]" classname="AirportTest" time="0.001"/>
  <testcase name="logScans()[221]" classname="AirportTest" time="0.001"/>
  <testcase name="logScans()[222]" classname="AirportTest" time="0.001"/>
  <testcase name="logScans()[223]" classname="AirportTest" time="0.001"/>
  <testcase name="logScans()[224]" classname="AirportTest" time="0.001"/>
  <testcase name="logScans()[225]" classname="AirportTest" time="0.001"/>
  <testcase name="logScans()[226]" classname="AirportTest" time="0.001"/>
  <testcase name="logScans()[227]" classname="AirportTest" time="0.001"/>
  <testcase name="logScans()[228]" classname="AirportTest" time="0.003"/>
  <testcase name="logScans()[229]" classname="AirportTest" time="0.001"/>
  <testcase name="logScans()[230]" classname="AirportTest" time="0.001"/>
  <testcase name="logScans()[231]" classname="AirportTest" time="0.001"/>
  <testcase name="logScans()[232]" classname="AirportTest" time="0.001"/>
  <testcase name="logScans()[233]" classname="AirportTest" time="0.001"/>
  <testcase name="logScans()[234]" classname="AirportTest" time="0.0"/>
  <testcase name="logScans()[235]" classname="AirportTest" time="0.0"/>
  <testcase name="logScans()[236]" classname="AirportTest" time="0.001"/>
  <testcase name="logScans()[237]" classname="AirportTest" time="0.001"/>
  <testcase name="logScans()[238]" classname="AirportTest" time="0.0"/>
  <testcase name="logScans()[239]" classname="AirportTest" time="0.001"/>
  <testcase name="logScans()[240]" classname="AirportTest" time="0.001"/>
  <testcase name="logScans()[241]" classname="AirportTest" time="0.0"/>
  <testcase name="logScans()[242]" classname="AirportTest" time="0.001"/>
  <testcase name="logScans()[243]" classname="AirportTest" time="0.001"/>
  <testcase name="logScans()[244]" classname="AirportTest" time="0.001"/>
  <testcase name="logScans()[245]" classname="AirportTest" time="0.001"/>
  <testcase name="logScans()[246]" classname="AirportTest" time="0.001"/>
  <testcase name="logScans()[247]" classname="AirportTest" time="0.001"/>
  <testcase name="logScans()[248]" classname="AirportTest" time="0.001"/>
  <testcase name="logScans()[249]" classname="AirportTest" time="0.001"/>
  <testcase name="logScans()[250]" classname="AirportTest" time="0.001"/>
  <testcase name="logScans()[251]" classname="AirportTest" time="0.0"/>
  <testcase name="logScans()[252]" classname="AirportTest" time="0.0"/>
  <testcase name="logScans()[253]" classname="AirportTest" time="0.001"/>
  <testcase name="logScans()[254]" classname="AirportTest" time="0.001"/>
  <testcase name="logScans()[255]" classname="AirportTest" time="0.001"/>
  <testcase name="logScans()[256]" classname="AirportTest" time="0.001"/>
  <testcase name="logScans()[257]" classname="AirportTest" time="0.0"/>
  <testcase name="logScans()[258]" classname="AirportTest" time="0.001"/>
  <testcase name="logScans()[259]" classname="AirportTest" time="0.001"/>
  <testcase name="logScans()[260]" classname="AirportTest" time="0.001"/>
  <testcase name="logScans()[261]" classname="AirportTest" time="0.0"/>
  <testcase name="logScans()[262]" classname="AirportTest" time="0.0"/>
  <testcase name="logScans()[263]" classname="AirportTest" time="0.001"/>
  <testcase name="logScans()[264]" classname="AirportTest" time="0.001"/>
  <testcase name="logScans()[265]" classname="AirportTest" time="0.007"/>
  <testcase name="logScans()[266]" classname="AirportTest" time="0.001"/>
  <testcase name="logScans()[267]" classname="AirportTest" time="0.001"/>
  <testcase name="logScans()[268]" classname="AirportTest" time="0.001"/>
  <testcase name="logScans()[269]" classname="AirportTest" time="0.001"/>
  <testcase name="logScans()[270]" classname="AirportTest" time="0.001"/>
  <testcase name="logScans()[271]" classname="AirportTest" time="0.0"/>
  <testcase name="logScans()[272]" classname="AirportTest" time="0.0"/>
  <testcase name="logScans()[273]" classname="AirportTest" time="0.001"/>
  <testcase name="logScans()[274]" classname="AirportTest" time="0.0"/>
  <testcase name="logScans()[275]" classname="AirportTest" time="0.001"/>
  <testcase name="logScans()[276]" classname="AirportTest" time="0.001"/>
  <testcase name="logScans()[277]" classname="AirportTest" time="0.0"/>
  <testcase name="logScans()[278]" classname="AirportTest" time="0.001"/>
  <testcase name="logScans()[279]" classname="AirportTest" time="0.001"/>
  <testcase name="logScans()[280]" classname="AirportTest" time="0.0"/>
  <testcase name="logScans()[281]" classname="AirportTest" time="0.001"/>
  <testcase name="logScans()[282]" classname="AirportTest" time="0.001"/>
  <testcase name="logScans()[283]" classname="AirportTest" time="0.001"/>
  <testcase name="logScans()[284]" classname="AirportTest" time="0.001"/>
  <testcase name="logScans()[285]" classname="AirportTest" time="0.0"/>
  <testcase name="logScans()[286]" classname="AirportTest" time="0.0"/>
  <testcase name="logScans()[287]" classname="AirportTest" time="0.001"/>
  <testcase name="logScans()[288]" classname="AirportTest" time="0.001"/>
  <testcase name="logScans()[289]" classname="AirportTest" time="0.0"/>
  <testcase name="logScans()[290]" classname="AirportTest" time="0.001"/>
  <testcase name="logScans()[291]" classname="AirportTest" time="0.001"/>
  <testcase name="logScans()[292]" classname="AirportTest" time="0.0"/>
  <testcase name="logScans()[293]" classname="AirportTest" time="0.001"/>
  <testcase name="logScans()[294]" classname="AirportTest" time="0.001"/>
  <testcase name="logScans()[295]" classname="AirportTest" time="0.001"/>
  <testcase name="logScans()[296]" classname="AirportTest" time="0.001"/>
  <testcase name="logScans()[297]" classname="AirportTest" time="0.0"/>
  <testcase name="logScans()[298]" classname="AirportTest" time="0.001"/>
  <testcase name="logScans()[299]" classname="AirportTest" time="0.001"/>
  <testcase name="logScans()[300]" classname="AirportTest" time="0.001"/>
  <testcase name="logScans()[301]" classname="AirportTest" time="0.001"/>
  <testcase name="logScans()[302]" classname="AirportTest" time="0.0"/>
  <testcase name="logScans()[303]" classname="AirportTest" time="0.0"/>
  <testcase name="logScans()[304]" classname="AirportTest" time="0.002"/>
  <testcase name="logScans()[305]" classname="AirportTest" time="0.001"/>
  <testcase name="logScans()[306]" classname="AirportTest" time="0.0"/>
  <testcase name="logScans()[307]" classname="AirportTest" time="0.002"/>
  <testcase name="logScans()[308]" classname="AirportTest" time="0.0"/>
  <testcase name="logScans()[309]" classname="AirportTest" time="0.001"/>
  <testcase name="logScans()[310]" classname="AirportTest" time="0.001"/>
  <testcase name="logScans()[311]" classname="AirportTest" time="0.0"/>
  <testcase name="logScans()[312]" classname="AirportTest" time="0.001"/>
  <testcase name="logScans()[313]" classname="AirportTest" time="0.001"/>
  <testcase name="logScans()[314]" classname="AirportTest" time="0.0"/>
  <testcase name="logScans()[315]" classname="AirportTest" time="0.0"/>
  <testcase name="logScans()[316]" classname="AirportTest" time="0.001"/>
  <testcase name="logScans()[317]" classname="AirportTest" time="0.001"/>
  <testcase name="logScans()[318]" classname="AirportTest" time="0.001"/>
  <testcase name="logScans()[319]" classname="AirportTest" time="0.001"/>
  <testcase name="logScans()[320]" classname="AirportTest" time="0.001"/>
  <testcase name="logScans()[321]" classname="AirportTest" time="0.0"/>
  <testcase name="logScans()[322]" classname="AirportTest" time="0.001"/>
  <testcase name="logScans()[323]" classname="AirportTest" time="0.001"/>
  <testcase name="logScans()[324]" classname="AirportTest" time="0.0"/>
  <testcase name="logScans()[325]" classname="AirportTest" time="0.001"/>
  <testcase name="logScans()[326]" classname="AirportTest" time="0.0"/>
  <testcase name="logScans()[327]" classname="AirportTest" time="0.0"/>
  <testcase name="logScans()[328]" classname="AirportTest" time="0.001"/>
  <testcase name="logScans()[329]" classname="AirportTest" time="0.001"/>
  <testcase name="logScans()[330]" classname="AirportTest" time="0.0"/>
  <testcase name="logScans()[331]" classname="AirportTest" time="0.0"/>
  <testcase name="logScans()[332]" classname="AirportTest" time="0.001"/>
  <testcase name="logScans()[333]" classname="AirportTest" time="0.0"/>
  <testcase name="logScans()[334]" classname="AirportTest" time="0.001"/>
  <testcase name="logScans()[335]" classname="AirportTest" time="0.001"/>
  <testcase name="logScans()[336]" classname="AirportTest" time="0.001"/>
  <testcase name="logScans()[337]" classname="AirportTest" time="0.001"/>
  <testcase name="logScans()[338]" classname="AirportTest" time="0.0"/>
  <testcase name="logScans()[339]" classname="AirportTest" time="0.001"/>
  <testcase name="logScans()[340]" classname="AirportTest" time="0.001"/>
  <testcase name="logScans()[341]" classname="AirportTest" time="0.001"/>
  <testcase name="logScans()[342]" classname="AirportTest" time="0.0"/>
  <testcase name="logScans()[343]" classname="AirportTest" time="0.001"/>
  <testcase name="logScans()[344]" classname="AirportTest" time="0.001"/>
  <testcase name="logScans()[345]" classname="AirportTest" time="0.001"/>
  <testcase name="logScans()[346]" classname="AirportTest" time="0.0"/>
  <testcase name="logScans()[347]" classname="AirportTest" time="0.001"/>
  <testcase name="logScans()[348]" classname="AirportTest" time="0.001"/>
  <testcase name="logScans()[349]" classname="AirportTest" time="0.0"/>
  <testcase name="logScans()[350]" classname="AirportTest" time="0.0"/>
  <testcase name="logScans()[351]" classname="AirportTest" time="0.002"/>
  <testcase name="logScans()[352]" classname="AirportTest" time="0.0"/>
  <testcase name="logScans()[353]" classname="AirportTest" time="0.001"/>
  <testcase name="logScans()[354]" classname="AirportTest" time="0.001"/>
  <testcase name="logScans()[355]" classname="AirportTest" time="0.0"/>
  <testcase name="logScans()[356]" classname="AirportTest" time="0.0"/>
  <testcase name="logScans()[357]" classname="AirportTest" time="0.001"/>
  <testcase name="logScans()[358]" classname="AirportTest" time="0.001"/>
  <testcase name="logScans()[359]" classname="AirportTest" time="0.0"/>
  <testcase name="logScans()[360]" classname="AirportTest" time="0.0"/>
  <testcase name="logScans()[361]" classname="AirportTest" time="0.001"/>
  <testcase name="logScans()[362]" classname="AirportTest" time="0.001"/>
  <testcase name="logScans()[363]" classname="AirportTest" time="0.0"/>
  <testcase name="logScans()[364]" classname="AirportTest" time="0.001"/>
  <testcase name="logScans()[365]" classname="AirportTest" time="0.001"/>
  <testcase name="logScans()[366]" classname="AirportTest" time="0.0"/>
  <testcase name="logScans()[367]" classname="AirportTest" time="0.001"/>
  <testcase name="logScans()[368]" classname="AirportTest" time="0.001"/>
  <testcase name="logScans()[369]" classname="AirportTest" time="0.0"/>
  <testcase name="logScans()[370]" classname="AirportTest" time="0.001"/>
  <testcase name="logScans()[371]" classname="AirportTest" time="0.002"/>
  <testcase name="logScans()[372]" classname="AirportTest" time="0.0"/>
  <testcase name="logScans()[373]" classname="AirportTest" time="0.001"/>
  <testcase name="logScans()[374]" classname="AirportTest" time="0.001"/>
  <testcase name="logScans()[375]" classname="AirportTest" time="0.0"/>
  <testcase name="logScans()[376]" classname="AirportTest" time="0.001"/>
  <testcase name="logScans()[377]" classname="AirportTest" time="0.001"/>
  <testcase name="logScans()[378]" classname="AirportTest" time="0.0"/>
  <testcase name="logScans()[379]" classname="AirportTest" time="0.001"/>
  <testcase name="logScans()[380]" classname="AirportTest" time="0.001"/>
  <testcase name="logScans()[381]" classname="AirportTest" time="0.0"/>
  <testcase name="logScans()[382]" classname="AirportTest" time="0.001"/>
  <testcase name="logScans()[383]" classname="AirportTest" time="0.001"/>
  <testcase name="logScans()[384]" classname="AirportTest" time="0.0"/>
  <testcase name="logScans()[385]" classname="AirportTest" time="0.0"/>
  <testcase name="logScans()[386]" classname="AirportTest" time="0.001"/>
  <testcase name="logScans()[387]" classname="AirportTest" time="0.001"/>
  <testcase name="logScans()[388]" classname="AirportTest" time="0.0"/>
  <testcase name="logScans()[389]" classname="AirportTest" time="0.001"/>
  <testcase name="logScans()[390]" classname="AirportTest" time="0.0"/>
  <testcase name="logScans()[391]" classname="AirportTest" time="0.001"/>
  <testcase name="logScans()[392]" classname="AirportTest" time="0.002"/>
  <testcase name="logScans()[393]" classname="AirportTest" time="0.001"/>
  <testcase name="logScans()[394]" classname="AirportTest" time="0.001"/>
  <testcase name="logScans()[395]" classname="AirportTest" time="0.0"/>
  <testcase name="logScans()[396]" classname="AirportTest" time="0.001"/>
  <testcase name="logScans()[397]" classname="AirportTest" time="0.001"/>
  <testcase name="logScans()[398]" classname="AirportTest" time="0.0"/>
  <testcase name="logScans()[399]" classname="AirportTest" time="0.001"/>
  <testcase name="logScans()[400]" classname="AirportTest" time="0.001"/>
  <testcase name="logScans()[401]" classname="AirportTest" time="0.0"/>
  <testcase name="logScans()[402]" classname="AirportTest" time="0.0"/>
  <testcase name="logScans()[403]" classname="AirportTest" time="0.001"/>
  <testcase name="logScans()[404]" classname="AirportTest" time="0.0"/>
  <testcase name="logScans()[405]" classname="AirportTest" time="0.0"/>
  <testcase name="logScans()[406]" classname="AirportTest" time="0.001"/>
  <testcase name="logScans()[407]" classname="AirportTest" time="0.001"/>
  <testcase name="logScans()[408]" classname="AirportTest" time="0.0"/>
  <testcase name="logScans()[409]" classname="AirportTest" time="0.001"/>
  <testcase name="logScans()[410]" classname="AirportTest" time="0.001"/>
  <testcase name="logScans()[411]" classname="AirportTest" time="0.0"/>
  <testcase name="logScans()[412]" classname="AirportTest" time="0.001"/>
  <testcase name="logScans()[413]" classname="AirportTest" time="0.0"/>
  <testcase name="logScans()[414]" classname="AirportTest" time="0.001"/>
  <testcase name="logScans()[415]" classname="AirportTest" time="0.001"/>
  <testcase name="logScans()[416]" classname="AirportTest" time="0.001"/>
  <testcase name="logScans()[417]" classname="AirportTest" time="0.0"/>
  <testcase name="logScans()[418]" classname="AirportTest" time="0.001"/>
  <testcase name="logScans()[419]" classname="AirportTest" time="0.0"/>
  <testcase name="logScans()[420]" classname="AirportTest" time="0.001"/>
  <testcase name="logScans()[421]" classname="AirportTest" time="0.0"/>
  <testcase name="logScans()[422]" classname="AirportTest" time="0.001"/>
  <testcase name="logScans()[423]" classname="AirportTest" time="0.001"/>
  <testcase name="logScans()[424]" classname="AirportTest" time="0.0"/>
  <testcase name="logScans()[425]" classname="AirportTest" time="0.001"/>
  <testcase name="logScans()[426]" classname="AirportTest" time="0.0"/>
  <testcase name="logScans()[427]" classname="AirportTest" time="0.001"/>
  <testcase name="logScans()[428]" classname="AirportTest" time="0.0"/>
  <testcase name="logScans()[429]" classname="AirportTest" time="0.002"/>
  <testcase name="logScans()[430]" classname="AirportTest" time="0.0"/>
  <testcase name="logScans()[431]" classname="AirportTest" time="0.001"/>
  <testcase name="logScans()[432]" classname="AirportTest" time="0.001"/>
  <testcase name="logScans()[433]" classname="AirportTest" time="0.001"/>
  <testcase name="logScans()[434]" classname="AirportTest" time="0.006"/>
  <testcase name="logScans()[435]" classname="AirportTest" time="0.001"/>
  <testcase name="logScans()[436]" classname="AirportTest" time="0.001"/>
  <testcase name="logScans()[437]" classname="AirportTest" time="0.001"/>
  <testcase name="logScans()[438]" classname="AirportTest" time="0.0"/>
  <testcase name="logScans()[439]" classname="AirportTest" time="0.001"/>
  <testcase name="logScans()[440]" classname="AirportTest" time="0.0"/>
  <testcase name="logScans()[441]" classname="AirportTest" time="0.0"/>
  <testcase name="logScans()[442]" classname="AirportTest" time="0.001"/>
  <testcase name="logScans()[443]" classname="AirportTest" time="0.0"/>
  <testcase name="logScans()[444]" classname="AirportTest" time="0.001"/>
  <testcase name="logScans()[445]" classname="AirportTest" time="0.001"/>
  <testcase name="logScans()[446]" classname="AirportTest" time="0.001"/>
  <testcase name="logScans()[447]" classname="AirportTest" time="0.001"/>
  <testcase name="logScans()[448]" classname="AirportTest" time="0.0"/>
  <testcase name="logScans()[449]" classname="AirportTest" time="0.001"/>
  <testcase name="logScans()[450]" classname="AirportTest" time="0.0"/>
  <testcase name="logScans()[451]" classname="AirportTest" time="0.001"/>
  <testcase name="logScans()[452]" classname="AirportTest" time="0.001"/>
  <testcase name="logScans()[453]" classname="AirportTest" time="0.0"/>
  <testcase name="logScans()[454]" classname="AirportTest" time="0.001"/>
  <testcase name="logScans()[455]" classname="AirportTest" time="0.001"/>
  <testcase name="logScans()[456]" classname="AirportTest" time="0.0"/>
  <testcase name="logScans()[457]" classname="AirportTest" time="0.001"/>
  <testcase name="logScans()[458]" classname="AirportTest" time="0.001"/>
  <testcase name="logScans()[459]" classname="AirportTest" time="0.0"/>
  <testcase name="logScans()[460]" classname="AirportTest" time="0.001"/>
  <testcase name="logScans()[461]" classname="AirportTest" time="0.001"/>
  <testcase name="logScans()[462]" classname="AirportTest" time="0.0"/>
  <testcase name="logScans()[463]" classname="AirportTest" time="0.002"/>
  <testcase name="logScans()[464]" classname="AirportTest" time="0.0"/>
  <testcase name="logScans()[465]" classname="AirportTest" time="0.001"/>
  <testcase name="logScans()[466]" classname="AirportTest" time="0.001"/>
  <testcase name="logScans()[467]" classname="AirportTest" time="0.0"/>
  <testcase name="logScans()[468]" classname="AirportTest" time="0.001"/>
  <testcase name="logScans()[469]" classname="AirportTest" time="0.0"/>
  <testcase name="logScans()[470]" classname="AirportTest" time="0.0"/>
  <testcase name="logScans()[471]" classname="AirportTest" time="0.001"/>
  <testcase name="logScans()[472]" classname="AirportTest" time="0.001"/>
  <testcase name="logScans()[473]" classname="AirportTest" time="0.0"/>
  <testcase name="logScans()[474]" classname="AirportTest" time="0.001"/>
  <testcase name="logScans()[475]" classname="AirportTest" time="0.001"/>
  <testcase name="logScans()[476]" classname="AirportTest" time="0.001"/>
  <testcase name="logScans()[477]" classname="AirportTest" time="0.001"/>
  <testcase name="logScans()[478]" classname="AirportTest" time="0.0"/>
  <testcase name="logScans()[479]" classname="AirportTest" time="0.001"/>
  <testcase name="logScans()[480]" classname="AirportTest" time="0.001"/>
  <testcase name="logScans()[481]" classname="AirportTest" time="0.001"/>
  <testcase name="logScans()[482]" classname="AirportTest" time="0.0"/>
  <testcase name="logScans()[483]" classname="AirportTest" time="0.001"/>
  <testcase name="logScans()[484]" classname="AirportTest" time="0.0"/>
  <testcase name="logScans()[485]" classname="AirportTest" time="0.0"/>
  <testcase name="logScans()[486]" classname="AirportTest" time="0.001"/>
  <testcase name="logScans()[487]" classname="AirportTest" time="0.0"/>
  <testcase name="logScans()[488]" classname="AirportTest" time="0.002"/>
  <testcase name="logScans()[489]" classname="AirportTest" time="0.0"/>
  <testcase name="logScans()[490]" classname="AirportTest" time="0.001"/>
  <testcase name="logScans()[491]" classname="AirportTest" time="0.0"/>
  <testcase name="logScans()[492]" classname="AirportTest" time="0.001"/>
  <testcase name="logScans()[493]" classname="AirportTest" time="0.001"/>
  <testcase name="logScans()[494]" classname="AirportTest" time="0.0"/>
  <testcase name="logScans()[495]" classname="AirportTest" time="0.001"/>
  <testcase name="logScans()[496]" classname="AirportTest" time="0.001"/>
  <testcase name="logScans()[497]" classname="AirportTest" time="0.0"/>
  <testcase name="logScans()[498]" classname="AirportTest" time="0.001"/>
  <testcase name="logScans()[499]" classname="AirportTest" time="0.001"/>
  <testcase name="logScans()[500]" classname="AirportTest" time="0.001"/>
  <testcase name="logScans()[501]" classname="AirportTest" time="0.001"/>
  <testcase name="logScans()[502]" classname="AirportTest" time="0.0"/>
  <testcase name="logScans()[503]" classname="AirportTest" time="0.001"/>
  <testcase name="logScans()[504]" classname="AirportTest" time="0.001"/>
  <testcase name="logScans()[505]" classname="AirportTest" time="0.0"/>
  <testcase name="logScans()[506]" classname="AirportTest" time="0.001"/>
  <testcase name="logScans()[507]" classname="AirportTest" time="0.0"/>
  <testcase name="logScans()[508]" classname="AirportTest" time="0.001"/>
  <testcase name="logScans()[509]" classname="AirportTest" time="0.001"/>
  <testcase name="logScans()[510]" classname="AirportTest" time="0.0"/>
  <testcase name="logScans()[511]" classname="AirportTest" time="0.001"/>
  <testcase name="logScans()[512]" classname="AirportTest" time="0.0"/>
  <testcase name="logScans()[513]" classname="AirportTest" time="0.0"/>
  <testcase name="logScans()[514]" classname="AirportTest" time="0.001"/>
  <testcase name="logScans()[515]" classname="AirportTest" time="0.0"/>
  <testcase name="logScans()[516]" classname="AirportTest" time="0.001"/>
  <testcase name="logScans()[517]" classname="AirportTest" time="0.0"/>
  <testcase name="logScans()[518]" classname="AirportTest" time="0.002"/>
  <testcase name="logScans()[519]" classname="AirportTest" time="0.0"/>
  <testcase name="logScans()[520]" classname="AirportTest" time="0.001"/>
  <testcase name="logScans()[521]" classname="AirportTest" time="0.0"/>
  <testcase name="logScans()[522]" classname="AirportTest" time="0.001"/>
  <testcase name="logScans()[523]" classname="AirportTest" time="0.001"/>
  <testcase name="logScans()[524]" classname="AirportTest" time="0.0"/>
  <testcase name="logScans()[525]" classname="AirportTest" time="0.001"/>
  <testcase name="logScans()[526]" classname="AirportTest" time="0.0"/>
  <testcase name="logScans()[527]" classname="AirportTest" time="0.001"/>
  <testcase name="logScans()[528]" classname="AirportTest" time="0.0"/>
  <testcase name="logScans()[529]" classname="AirportTest" time="0.001"/>
  <testcase name="logScans()[530]" classname="AirportTest" time="0.0"/>
  <testcase name="logScans()[531]" classname="AirportTest" time="0.001"/>
  <testcase name="logScans()[532]" classname="AirportTest" time="0.0"/>
  <testcase name="logScans()[533]" classname="AirportTest" time="0.001"/>
  <testcase name="logScans()[534]" classname="AirportTest" time="0.0"/>
  <testcase name="logScans()[535]" classname="AirportTest" time="0.0"/>
  <testcase name="logScans()[536]" classname="AirportTest" time="0.001"/>
  <testcase name="logScans()[537]" classname="AirportTest" time="0.0"/>
  <testcase name="logScans()[538]" classname="AirportTest" time="0.001"/>
  <testcase name="logScans()[539]" classname="AirportTest" time="0.0"/>
  <testcase name="logScans()[540]" classname="AirportTest" time="0.0"/>
  <testcase name="logScans()[541]" classname="AirportTest" time="0.001"/>
  <testcase name="logScans()[542]" classname="AirportTest" time="0.0"/>
  <testcase name="logScans()[543]" classname="AirportTest" time="0.001"/>
  <testcase name="logScans()[544]" classname="AirportTest" time="0.001"/>
  <testcase name="logScans()[545]" classname="AirportTest" time="0.0"/>
  <testcase name="logScans()[546]" classname="AirportTest" time="0.001"/>
  <testcase name="logScans()[547]" classname="AirportTest" time="0.0"/>
  <testcase name="logScans()[548]" classname="AirportTest" time="0.001"/>
  <testcase name="logScans()[549]" classname="AirportTest" time="0.0"/>
  <testcase name="logScans()[550]" classname="AirportTest" time="0.001"/>
  <testcase name="logScans()[551]" classname="AirportTest" time="0.0"/>
  <testcase name="logScans()[552]" classname="AirportTest" time="0.001"/>
  <testcase name="logScans()[553]" classname="AirportTest" time="0.0"/>
  <testcase name="logScans()[554]" classname="AirportTest" time="0.001"/>
  <testcase name="logScans()[555]" classname="AirportTest" time="0.001"/>
  <testcase name="logScans()[556]" classname="AirportTest" time="0.0"/>
  <testcase name="logScans()[557]" classname="AirportTest" time="0.001"/>
  <testcase name="logScans()[558]" classname="AirportTest" time="0.001"/>
  <testcase name="logScans()[559]" classname="AirportTest" time="0.0"/>
  <testcase name="logScans()[560]" classname="AirportTest" time="0.001"/>
  <testcase name="logScans()[561]" classname="AirportTest" time="0.0"/>
  <testcase name="logScans()[562]" classname="AirportTest" time="0.001"/>
  <testcase name="logScans()[563]" classname="AirportTest" time="0.0"/>
  <testcase name="logScans()[564]" classname="AirportTest" time="0.0"/>
  <testcase name="logScans()[565]" classname="AirportTest" time="0.001"/>
  <testcase name="logScans()[566]" classname="AirportTest" time="0.001"/>
  <testcase name="logScans()[567]" classname="AirportTest" time="0.0"/>
  <testcase name="logScans()[568]" classname="AirportTest" time="0.001"/>
  <system-out><![CDATA[]]></system-out>
  <system-err><![CDATA[]]></system-err>
</testsuite>
