<?xml version="1.0" encoding="UTF-8"?>
<testsuite name="AirportTest" tests="1" skipped="0" failures="0" errors="0" timestamp="2020-12-04T16:17:10" hostname="DESKTOP-HERRMAN" time="0.112">
  <properties/>
  <testcase name="profileKO()" classname="AirportTest" time="0.112"/>
  <system-out><![CDATA[]]></system-out>
  <system-err><![CDATA[]]></system-err>
</testsuite>
